<?xml version="1.0" encoding="UTF-8"?>
<testng-results skipped="0" failed="0" ignored="0" total="4" passed="4">
  <reporter-output>
  </reporter-output>
  <suite name="Suite" duration-ms="7519" started-at="2022-07-09T16:48:42 UTC" finished-at="2022-07-09T16:48:49 UTC">
    <groups>
      <group name="Chrome">
        <method signature="Integration.LaunchChrome()[pri:0, instance:com.demo.Integration@62bd765]" name="LaunchChrome" class="com.demo.Integration"/>
        <method signature="Integration.TryFacebook1()[pri:0, instance:com.demo.Integration@62bd765]" name="TryFacebook1" class="com.demo.Integration"/>
      </group> <!-- Chrome -->
      <group name="Firefox">
        <method signature="Integration.LaunchFirefox()[pri:0, instance:com.demo.Integration@62bd765]" name="LaunchFirefox" class="com.demo.Integration"/>
        <method signature="Integration.TryFacebook2()[pri:0, instance:com.demo.Integration@62bd765]" name="TryFacebook2" class="com.demo.Integration"/>
      </group> <!-- Firefox -->
    </groups>
    <test name="Test" duration-ms="7519" started-at="2022-07-09T16:48:42 UTC" finished-at="2022-07-09T16:48:49 UTC">
      <class name="com.demo.Integration">
        <test-method status="PASS" signature="LaunchChrome()[pri:0, instance:com.demo.Integration@62bd765]" name="LaunchChrome" duration-ms="1958" started-at="2022-07-09T16:48:42 UTC" finished-at="2022-07-09T16:48:44 UTC">
          <reporter-output>
          </reporter-output>
        </test-method> <!-- LaunchChrome -->
        <test-method status="PASS" signature="LaunchFirefox()[pri:0, instance:com.demo.Integration@62bd765]" name="LaunchFirefox" duration-ms="3999" started-at="2022-07-09T16:48:44 UTC" finished-at="2022-07-09T16:48:48 UTC">
          <reporter-output>
          </reporter-output>
        </test-method> <!-- LaunchFirefox -->
        <test-method status="PASS" signature="TryFacebook1()[pri:0, instance:com.demo.Integration@62bd765]" name="TryFacebook1" duration-ms="504" started-at="2022-07-09T16:48:48 UTC" depends-on-methods="com.demo.Integration.LaunchChrome" finished-at="2022-07-09T16:48:48 UTC">
          <reporter-output>
          </reporter-output>
        </test-method> <!-- TryFacebook1 -->
        <test-method status="PASS" signature="TryFacebook2()[pri:0, instance:com.demo.Integration@62bd765]" name="TryFacebook2" duration-ms="1002" started-at="2022-07-09T16:48:48 UTC" depends-on-methods="com.demo.Integration.LaunchFirefox" finished-at="2022-07-09T16:48:49 UTC">
          <reporter-output>
          </reporter-output>
        </test-method> <!-- TryFacebook2 -->
      </class> <!-- com.demo.Integration -->
    </test> <!-- Test -->
  </suite> <!-- Suite -->
</testng-results>
